{"/Users/oyvindym/programmering/ts-lambda-cron-job/lambda-code/src/hello-world.ts": {"path":"/Users/oyvindym/programmering/ts-lambda-cron-job/lambda-code/src/hello-world.ts","statementMap":{"0":{"start":{"line":2,"column":18},"end":{"line":2,"column":31}},"1":{"start":{"line":3,"column":2},"end":{"line":3,"column":23}},"2":{"start":{"line":4,"column":2},"end":{"line":4,"column":23}},"3":{"start":{"line":1,"column":0},"end":{"line":1,"column":16}}},"fnMap":{"0":{"name":"handler","decl":{"start":{"line":1,"column":16},"end":{"line":1,"column":23}},"loc":{"start":{"line":1,"column":23},"end":{"line":5,"column":1}}}},"branchMap":{},"s":{"0":1,"1":1,"2":1,"3":1},"f":{"0":1},"b":{}}
}
